Using pre-set license
Built from '2021.3/staging' branch; Version is '2021.3.7f1 (24e8595d6d43) revision 2418777'; Using compiler version '192829333'; Build Type 'Release'
OS: 'Windows 10  (10.0.19044) 64bit Core' Language: 'es' Physical Memory: 16309 MB
BatchMode: 1, IsHumanControllingUs: 0, StartBugReporterOnCrash: 0, Is64bit: 1, IsPro: 1

COMMAND LINE ARGUMENTS:
C:\Program Files\Unity\Hub\Editor\2021.3.7f1\Editor\Unity.exe
-adb2
-batchMode
-noUpm
-name
AssetImportWorker1
-projectPath
C:/Users/lauta/Downloads/TUKI/TrabajoFinal-Grupo-Tuki
-logFile
Logs/AssetImportWorker1.log
-srvPort
61403
Successfully changed project path to: C:/Users/lauta/Downloads/TUKI/TrabajoFinal-Grupo-Tuki
C:/Users/lauta/Downloads/TUKI/TrabajoFinal-Grupo-Tuki
[UnityMemory] Configuration Parameters - Can be set up in boot.config
    "memorysetup-bucket-allocator-granularity=16"
    "memorysetup-bucket-allocator-bucket-count=8"
    "memorysetup-bucket-allocator-block-size=33554432"
    "memorysetup-bucket-allocator-block-count=8"
    "memorysetup-main-allocator-block-size=16777216"
    "memorysetup-thread-allocator-block-size=16777216"
    "memorysetup-gfx-main-allocator-block-size=16777216"
    "memorysetup-gfx-thread-allocator-block-size=16777216"
    "memorysetup-cache-allocator-block-size=4194304"
    "memorysetup-typetree-allocator-block-size=2097152"
    "memorysetup-profiler-bucket-allocator-granularity=16"
    "memorysetup-profiler-bucket-allocator-bucket-count=8"
    "memorysetup-profiler-bucket-allocator-block-size=33554432"
    "memorysetup-profiler-bucket-allocator-block-count=8"
    "memorysetup-profiler-allocator-block-size=16777216"
    "memorysetup-profiler-editor-allocator-block-size=1048576"
    "memorysetup-temp-allocator-size-main=16777216"
    "memorysetup-job-temp-allocator-block-size=2097152"
    "memorysetup-job-temp-allocator-block-size-background=1048576"
    "memorysetup-job-temp-allocator-reduction-small-platforms=262144"
    "memorysetup-temp-allocator-size-background-worker=32768"
    "memorysetup-temp-allocator-size-job-worker=262144"
    "memorysetup-temp-allocator-size-preload-manager=33554432"
    "memorysetup-temp-allocator-size-nav-mesh-worker=65536"
    "memorysetup-temp-allocator-size-audio-worker=65536"
    "memorysetup-temp-allocator-size-cloud-worker=32768"
    "memorysetup-temp-allocator-size-gi-baking-worker=262144"
    "memorysetup-temp-allocator-size-gfx=262144"
Refreshing native plugins compatible for Editor in 71.33 ms, found 3 plugins.
Preloading 0 native plugins for Editor in 0.00 ms.
Initialize engine version: 2021.3.7f1 (24e8595d6d43)
[Subsystems] Discovering subsystems at path C:/Program Files/Unity/Hub/Editor/2021.3.7f1/Editor/Data/Resources/UnitySubsystems
[Subsystems] Discovering subsystems at path C:/Users/lauta/Downloads/TUKI/TrabajoFinal-Grupo-Tuki/Assets
GfxDevice: creating device client; threaded=0; jobified=0
Direct3D:
    Version:  Direct3D 11.0 [level 11.1]
    Renderer: AMD Radeon(TM) RX 560 Series (ID=0x67ef)
    Vendor:   ATI
    VRAM:     4074 MB
    Driver:   31.0.12019.11001
Initialize mono
Mono path[0] = 'C:/Program Files/Unity/Hub/Editor/2021.3.7f1/Editor/Data/Managed'
Mono path[1] = 'C:/Program Files/Unity/Hub/Editor/2021.3.7f1/Editor/Data/MonoBleedingEdge/lib/mono/unityjit-win32'
Mono config path = 'C:/Program Files/Unity/Hub/Editor/2021.3.7f1/Editor/Data/MonoBleedingEdge/etc'
Using monoOptions --debugger-agent=transport=dt_socket,embedding=1,server=y,suspend=n,address=127.0.0.1:56264
Begin MonoManager ReloadAssembly
Registering precompiled unity dll's ...
Register platform support module: C:/Program Files/Unity/Hub/Editor/2021.3.7f1/Editor/Data/PlaybackEngines/WebGLSupport/UnityEditor.WebGL.Extensions.dll
Register platform support module: C:/Program Files/Unity/Hub/Editor/2021.3.7f1/Editor/Data/PlaybackEngines/WindowsStandaloneSupport/UnityEditor.WindowsStandalone.Extensions.dll
Registered in 0.008047 seconds.
Native extension for WindowsStandalone target not found
Native extension for WebGL target not found
Refreshing native plugins compatible for Editor in 69.82 ms, found 3 plugins.
Preloading 0 native plugins for Editor in 0.00 ms.
Mono: successfully reloaded assembly
- Completed reload, in  0.538 seconds
Domain Reload Profiling:
	ReloadAssembly (539ms)
		BeginReloadAssembly (67ms)
			ExecutionOrderSort (0ms)
			DisableScriptedObjects (0ms)
			BackupInstance (0ms)
			ReleaseScriptingObjects (0ms)
			CreateAndSetChildDomain (1ms)
		EndReloadAssembly (376ms)
			LoadAssemblies (65ms)
			RebuildTransferFunctionScriptingTraits (0ms)
			SetupTypeCache (89ms)
			ReleaseScriptCaches (0ms)
			RebuildScriptCaches (22ms)
			SetupLoadedEditorAssemblies (221ms)
				LogAssemblyErrors (0ms)
				InitializePlatformSupportModulesInManaged (8ms)
				SetLoadedEditorAssemblies (0ms)
				RefreshPlugins (70ms)
				BeforeProcessingInitializeOnLoad (1ms)
				ProcessInitializeOnLoadAttributes (104ms)
				ProcessInitializeOnLoadMethodAttributes (38ms)
				AfterProcessingInitializeOnLoad (0ms)
				EditorAssembliesLoaded (0ms)
			ExecutionOrderSort2 (0ms)
			AwakeInstancesAfterBackupRestoration (0ms)
Platform modules already initialized, skipping
Registering precompiled user dll's ...
Registered in 0.005680 seconds.
Begin MonoManager ReloadAssembly
Symbol file LoadedFromMemory doesn't match image C:\Users\lauta\Downloads\TUKI\TrabajoFinal-Grupo-Tuki\Library\PackageCache\com.unity.visualscripting@1.7.8\Editor\VisualScripting.Core\Dependencies\YamlDotNet\Unity.VisualScripting.YamlDotNet.dll
Symbol file LoadedFromMemory doesn't match image C:\Users\lauta\Downloads\TUKI\TrabajoFinal-Grupo-Tuki\Library\PackageCache\com.unity.visualscripting@1.7.8\Editor\VisualScripting.Core\Dependencies\DotNetZip\Unity.VisualScripting.IonicZip.dll
Native extension for WindowsStandalone target not found
Native extension for WebGL target not found
Refreshing native plugins compatible for Editor in 0.55 ms, found 3 plugins.
Preloading 0 native plugins for Editor in 0.00 ms.
Mono: successfully reloaded assembly
- Completed reload, in  0.886 seconds
Domain Reload Profiling:
	ReloadAssembly (887ms)
		BeginReloadAssembly (101ms)
			ExecutionOrderSort (0ms)
			DisableScriptedObjects (5ms)
			BackupInstance (0ms)
			ReleaseScriptingObjects (0ms)
			CreateAndSetChildDomain (19ms)
		EndReloadAssembly (686ms)
			LoadAssemblies (79ms)
			RebuildTransferFunctionScriptingTraits (0ms)
			SetupTypeCache (218ms)
			ReleaseScriptCaches (1ms)
			RebuildScriptCaches (42ms)
			SetupLoadedEditorAssemblies (318ms)
				LogAssemblyErrors (0ms)
				InitializePlatformSupportModulesInManaged (7ms)
				SetLoadedEditorAssemblies (0ms)
				RefreshPlugins (1ms)
				BeforeProcessingInitializeOnLoad (79ms)
				ProcessInitializeOnLoadAttributes (199ms)
				ProcessInitializeOnLoadMethodAttributes (24ms)
				AfterProcessingInitializeOnLoad (8ms)
				EditorAssembliesLoaded (0ms)
			ExecutionOrderSort2 (0ms)
			AwakeInstancesAfterBackupRestoration (5ms)
Platform modules already initialized, skipping
========================================================================
Worker process is ready to serve import requests
Launched and connected shader compiler UnityShaderCompiler.exe after 0.05 seconds
Refreshing native plugins compatible for Editor in 1.01 ms, found 3 plugins.
Preloading 0 native plugins for Editor in 0.00 ms.
Unloading 3446 Unused Serialized files (Serialized files now loaded: 0)
Unloading 27 unused Assets / (111.1 KB). Loaded Objects now: 3904.
Memory consumption went from 120.0 MB to 119.9 MB.
Total: 2.992200 ms (FindLiveObjects: 0.270900 ms CreateObjectMapping: 0.192400 ms MarkObjects: 2.415300 ms  DeleteObjects: 0.113100 ms)

AssetImportParameters requested are different than current active one (requested -> active):
  custom:video-decoder-ogg-theora: a1e56fd34408186e4bbccfd4996cb3dc -> 
  custom:container-muxer-webm: aa71ff27fc2769a1b78a27578f13a17b -> 
  custom:container-demuxer-webm: 4f35f7cbe854078d1ac9338744f61a02 -> 
  custom:video-encoder-webm-vp8: eb34c28f22e8b96e1ab97ce403110664 -> 
  custom:audio-encoder-webm-vorbis: bf7c407c2cedff20999df2af8eb42d56 -> 
  custom:framework-win-MediaFoundation: 216162199b28c13a410421893ffa2e32 -> 
  custom:container-demuxer-ogg: 62fdf1f143b41e24485cea50d1cbac27 -> 
  custom:video-decoder-webm-vp8: 9c59270c3fd7afecdb556c50c9e8de78 -> 
  custom:audio-decoder-ogg-vorbis: bf7c407c2cedff20999df2af8eb42d56 -> 
========================================================================
Received Import Request.
  Time since last request: 7653.259233 seconds.
  path: Assets/Scenes
  artifactKey: Guid(6ea315d0fd7389c41b19996891e99ae3) Importer(815301076,1909f56bfc062723c751e8b465ee728b)
Start importing Assets/Scenes using Guid(6ea315d0fd7389c41b19996891e99ae3) Importer(815301076,1909f56bfc062723c751e8b465ee728b)  -> (artifact id: 'b8193726cff86800c54781cdc6d54904') in 0.011789 seconds 
========================================================================
Received Import Request.
  Time since last request: 104.435753 seconds.
  path: Assets/prefab/BalaJugador.prefab
  artifactKey: Guid(c5cae7811a5a9cd4d9a3406957a51340) Importer(815301076,1909f56bfc062723c751e8b465ee728b)
Start importing Assets/prefab/BalaJugador.prefab using Guid(c5cae7811a5a9cd4d9a3406957a51340) Importer(815301076,1909f56bfc062723c751e8b465ee728b)  -> (artifact id: '1cca0d5620cf5e8152acc5303eda4452') in 0.098872 seconds 
========================================================================
Received Import Request.
  Time since last request: 0.000023 seconds.
  path: Assets/prefab/Enemigo1.prefab
  artifactKey: Guid(2f5a5f7e2b9915f48b3fe889fdf2e987) Importer(815301076,1909f56bfc062723c751e8b465ee728b)
Start importing Assets/prefab/Enemigo1.prefab using Guid(2f5a5f7e2b9915f48b3fe889fdf2e987) Importer(815301076,1909f56bfc062723c751e8b465ee728b)  -> (artifact id: 'b369dd35f978e379d3ad6e8a663e0524') in 0.012881 seconds 
========================================================================
Received Import Request.
  Time since last request: 0.000033 seconds.
  path: Assets/prefab/Boquilla.prefab
  artifactKey: Guid(b7f6e9353a9732b4eb66aa204b6a74cd) Importer(815301076,1909f56bfc062723c751e8b465ee728b)
Start importing Assets/prefab/Boquilla.prefab using Guid(b7f6e9353a9732b4eb66aa204b6a74cd) Importer(815301076,1909f56bfc062723c751e8b465ee728b)  -> (artifact id: '94d30aca434641c551f07c12a50e7d9f') in 0.081871 seconds 
========================================================================
Received Import Request.
  Time since last request: 0.000018 seconds.
  path: Assets/prefab/Enemigo1Terminado.prefab
  artifactKey: Guid(e013662c1f7dcf74c97bb491b7ca1b48) Importer(815301076,1909f56bfc062723c751e8b465ee728b)
Start importing Assets/prefab/Enemigo1Terminado.prefab using Guid(e013662c1f7dcf74c97bb491b7ca1b48) Importer(815301076,1909f56bfc062723c751e8b465ee728b)  -> (artifact id: '75559c6f7f1d2a735418277ff62fd111') in 0.038299 seconds 
========================================================================
Received Import Request.
  Time since last request: 0.000018 seconds.
  path: Assets/prefab/Tuki2.prefab
  artifactKey: Guid(8335bca6868c56b4085801b316aaf2fa) Importer(815301076,1909f56bfc062723c751e8b465ee728b)
Start importing Assets/prefab/Tuki2.prefab using Guid(8335bca6868c56b4085801b316aaf2fa) Importer(815301076,1909f56bfc062723c751e8b465ee728b)  -> (artifact id: 'c6d876560be5408047b5868971a099a0') in 0.011728 seconds 
========================================================================
Received Import Request.
  Time since last request: 0.000018 seconds.
  path: Assets/prefab/NoEsUnPlayer.prefab
  artifactKey: Guid(75294c0cfaedbc946990235fe2870bb1) Importer(815301076,1909f56bfc062723c751e8b465ee728b)
Start importing Assets/prefab/NoEsUnPlayer.prefab using Guid(75294c0cfaedbc946990235fe2870bb1) Importer(815301076,1909f56bfc062723c751e8b465ee728b)  -> (artifact id: '07cb84f7f09339314dd51c70436676d3') in 0.018579 seconds 
========================================================================
Received Import Request.
  Time since last request: 45.572985 seconds.
  path: Assets/Materiales/enemigo.mat
  artifactKey: Guid(47f70c2f87425014eb78c1ae7bba75f7) Importer(815301076,1909f56bfc062723c751e8b465ee728b)
Start importing Assets/Materiales/enemigo.mat using Guid(47f70c2f87425014eb78c1ae7bba75f7) Importer(815301076,1909f56bfc062723c751e8b465ee728b)  -> (artifact id: '1f2a2023916b6260dc6ff202da489d5b') in 0.030003 seconds 
========================================================================
Received Import Request.
  Time since last request: 0.000017 seconds.
  path: Assets/Materiales/player.mat
  artifactKey: Guid(3b39360c98bf8564d954cbe92ae9bf1b) Importer(815301076,1909f56bfc062723c751e8b465ee728b)
Start importing Assets/Materiales/player.mat using Guid(3b39360c98bf8564d954cbe92ae9bf1b) Importer(815301076,1909f56bfc062723c751e8b465ee728b)  -> (artifact id: 'c425793a4f18acf68c466bea67d3f138') in 0.011683 seconds 
========================================================================
Received Import Request.
  Time since last request: 0.000017 seconds.
  path: Assets/Materiales/enemigo2.mat
  artifactKey: Guid(08c7c85bb9a36ad49afad492becff65d) Importer(815301076,1909f56bfc062723c751e8b465ee728b)
Start importing Assets/Materiales/enemigo2.mat using Guid(08c7c85bb9a36ad49afad492becff65d) Importer(815301076,1909f56bfc062723c751e8b465ee728b)  -> (artifact id: 'cade2e3b91fd538a3dc917ea7676c367') in 0.011687 seconds 
